#
# There is insufficient memory for the Java Runtime Environment to continue.
# Native memory allocation (malloc) failed to allocate 167216 bytes. Error detail: Chunk::new
# Possible reasons:
#   The system is out of physical RAM or swap space
#   This process is running with CompressedOops enabled, and the Java Heap may be blocking the growth of the native heap
# Possible solutions:
#   Reduce memory load on the system
#   Increase physical memory or swap space
#   Check if swap backing store is full
#   Decrease Java heap size (-Xmx/-Xms)
#   Decrease number of Java threads
#   Decrease Java thread stack sizes (-Xss)
#   Set larger code cache with -XX:ReservedCodeCacheSize=
#   JVM is running with Zero Based Compressed Oops mode in which the Java heap is
#     placed in the first 32GB address space. The Java Heap base address is the
#     maximum limit for the native heap growth. Please use -XX:HeapBaseMinAddress
#     to set the Java Heap base and to place the Java Heap above 32GB virtual address.
# This output file may be truncated or incomplete.
#
#  Out of Memory Error (arena.cpp:191), pid=25392, tid=32316
#
# JRE version: OpenJDK Runtime Environment Zulu17.50+19-CA (17.0.11+9) (build 17.0.11+9-LTS)
# Java VM: OpenJDK 64-Bit Server VM Zulu17.50+19-CA (17.0.11+9-LTS, mixed mode, sharing, tiered, compressed oops, compressed class ptrs, g1 gc, windows-amd64)
# No core dump will be written. Minidumps are not enabled by default on client versions of Windows
#

---------------  S U M M A R Y ------------

Command Line: -Dorg.gradle.appname=gradlew org.gradle.wrapper.GradleWrapperMain -q -Ptarget-platform=android-x64 -Ptarget=C:\Users\hylmi\Downloads\Line\fiveguysotp\fiveguysotp\lib\main.dart -Pbase-application-name=android.app.Application -Pdart-defines=RkxVVFRFUl9XRUJfQ0FOVkFTS0lUX1VSTD1odHRwczovL3d3dy5nc3RhdGljLmNvbS9mbHV0dGVyLWNhbnZhc2tpdC81NWVhZTY4NjRiMjk2ZGQ5ZjQzYjJjYzc1NzdlYzI1NmU1YzMyYThkLw== -Pdart-obfuscation=false -Ptrack-widget-creation=true -Ptree-shake-icons=false -Pfilesystem-scheme=org-dartlang-root assembleDebug

Host: 11th Gen Intel(R) Core(TM) i7-11800H @ 2.30GHz, 16 cores, 15G,  Windows 11 , 64 bit Build 22621 (10.0.22621.3527)
Time: Sun Jun  9 19:00:07 2024 SE Asia Standard Time elapsed time: 2.854995 seconds (0d 0h 0m 2s)

---------------  T H R E A D  ---------------

Current thread (0x000001c07570dd60):  JavaThread "C2 CompilerThread0" daemon [_thread_in_native, id=32316, stack(0x00000001c3900000,0x00000001c3a00000)]


Current CompileTask:
C2:   2855 1544 % !   4       java.io.BufferedReader::readLine @ 139 (327 bytes)

Stack: [0x00000001c3900000,0x00000001c3a00000]
Native frames: (J=compiled Java code, j=interpreted, Vv=VM code, C=native code)
V  [jvm.dll+0x681759]
V  [jvm.dll+0x8391ea]
V  [jvm.dll+0x83acae]
V  [jvm.dll+0x83b313]
V  [jvm.dll+0x24b8bf]
V  [jvm.dll+0xac534]
V  [jvm.dll+0xacb7c]
V  [jvm.dll+0x2b2dcf]
V  [jvm.dll+0x588c27]
V  [jvm.dll+0x222fc2]
V  [jvm.dll+0x21bebd]
V  [jvm.dll+0x2199e1]
V  [jvm.dll+0x1a551d]
V  [jvm.dll+0x22981e]
V  [jvm.dll+0x2279dc]
V  [jvm.dll+0x7ee377]
V  [jvm.dll+0x7e875a]
V  [jvm.dll+0x680645]
C  [ucrtbase.dll+0x29333]
C  [KERNEL32.DLL+0x1257d]
C  [ntdll.dll+0x5aa48]


---------------  P R O C E S S  ---------------

Threads class SMR info:
_java_thread_list=0x000001c07a825d30, length=14, elements={
0x000001c05205f770, 0x000001c0756eed80, 0x000001c0756ef950, 0x000001c075705f00,
0x000001c075706ad0, 0x000001c0757076a0, 0x000001c07570c090, 0x000001c07570dd60,
0x000001c07571bc50, 0x000001c07572cf70, 0x000001c075b1e1c0, 0x000001c075b20a40,
0x000001c075b1e6d0, 0x000001c075b1f0f0
}

Java Threads: ( => current thread )
  0x000001c05205f770 JavaThread "main" [_thread_in_native, id=20500, stack(0x00000001c2c00000,0x00000001c2d00000)]
  0x000001c0756eed80 JavaThread "Reference Handler" daemon [_thread_blocked, id=20656, stack(0x00000001c3300000,0x00000001c3400000)]
  0x000001c0756ef950 JavaThread "Finalizer" daemon [_thread_blocked, id=18644, stack(0x00000001c3400000,0x00000001c3500000)]
  0x000001c075705f00 JavaThread "Signal Dispatcher" daemon [_thread_blocked, id=28796, stack(0x00000001c3500000,0x00000001c3600000)]
  0x000001c075706ad0 JavaThread "Attach Listener" daemon [_thread_blocked, id=25560, stack(0x00000001c3600000,0x00000001c3700000)]
  0x000001c0757076a0 JavaThread "Service Thread" daemon [_thread_blocked, id=35324, stack(0x00000001c3700000,0x00000001c3800000)]
  0x000001c07570c090 JavaThread "Monitor Deflation Thread" daemon [_thread_blocked, id=30848, stack(0x00000001c3800000,0x00000001c3900000)]
=>0x000001c07570dd60 JavaThread "C2 CompilerThread0" daemon [_thread_in_native, id=32316, stack(0x00000001c3900000,0x00000001c3a00000)]
  0x000001c07571bc50 JavaThread "C1 CompilerThread0" daemon [_thread_blocked, id=21760, stack(0x00000001c3a00000,0x00000001c3b00000)]
  0x000001c07572cf70 JavaThread "Sweeper thread" daemon [_thread_blocked, id=30460, stack(0x00000001c3b00000,0x00000001c3c00000)]
  0x000001c075b1e1c0 JavaThread "Notification Thread" daemon [_thread_blocked, id=30308, stack(0x00000001c3c00000,0x00000001c3d00000)]
  0x000001c075b20a40 JavaThread "Common-Cleaner" daemon [_thread_blocked, id=34520, stack(0x00000001c3e00000,0x00000001c3f00000)]
  0x000001c075b1e6d0 JavaThread "pool-1-thread-1" [_thread_blocked, id=10844, stack(0x00000001c4400000,0x00000001c4500000)]
  0x000001c075b1f0f0 JavaThread "DisconnectableInputStream source reader" daemon [_thread_in_native, id=24372, stack(0x00000001c4600000,0x00000001c4700000)]

Other Threads:
  0x000001c0756ec2d0 VMThread "VM Thread" [stack: 0x00000001c3200000,0x00000001c3300000] [id=13108]
  0x000001c075b22180 WatcherThread [stack: 0x00000001c3d00000,0x00000001c3e00000] [id=20260]
  0x000001c0520c9fe0 GCTaskThread "GC Thread#0" [stack: 0x00000001c2d00000,0x00000001c2e00000] [id=24180]
  0x000001c07a46b770 GCTaskThread "GC Thread#1" [stack: 0x00000001c3f00000,0x00000001c4000000] [id=17856]
  0x000001c07a46b1d0 GCTaskThread "GC Thread#2" [stack: 0x00000001c4000000,0x00000001c4100000] [id=26896]
  0x000001c07a46a3c0 GCTaskThread "GC Thread#3" [stack: 0x00000001c4100000,0x00000001c4200000] [id=27536]
  0x000001c07a46ac30 GCTaskThread "GC Thread#4" [stack: 0x00000001c4200000,0x00000001c4300000] [id=17536]
  0x000001c07a46a0f0 GCTaskThread "GC Thread#5" [stack: 0x00000001c4300000,0x00000001c4400000] [id=27680]
  0x000001c0520da990 ConcurrentGCThread "G1 Main Marker" [stack: 0x00000001c2e00000,0x00000001c2f00000] [id=24484]
  0x000001c0520dc3c0 ConcurrentGCThread "G1 Conc#0" [stack: 0x00000001c2f00000,0x00000001c3000000] [id=31728]
  0x000001c0756256d0 ConcurrentGCThread "G1 Refine#0" [stack: 0x00000001c3000000,0x00000001c3100000] [id=6212]
  0x000001c075626110 ConcurrentGCThread "G1 Service" [stack: 0x00000001c3100000,0x00000001c3200000] [id=6232]

Threads with active compile tasks:
C2 CompilerThread0     2864 1544 % !   4       java.io.BufferedReader::readLine @ 139 (327 bytes)

VM state: not at safepoint (normal execution)

VM Mutex/Monitor currently owned by a thread: None

Heap address: 0x0000000705a00000, size: 4006 MB, Compressed Oops mode: Zero based, Oop shift amount: 3

CDS archive(s) mapped at: [0x000001c000000000-0x000001c000bd0000-0x000001c000bd0000), size 12386304, SharedBaseAddress: 0x000001c000000000, ArchiveRelocationMode: 1.
Compressed class space mapped at: 0x000001c001000000-0x000001c041000000, reserved size: 1073741824
Narrow klass base: 0x000001c000000000, Narrow klass shift: 0, Narrow klass range: 0x100000000

GC Precious Log:
 CPUs: 16 total, 16 available
 Memory: 16021M
 Large Page Support: Disabled
 NUMA Support: Disabled
 Compressed Oops: Enabled (Zero based)
 Heap Region Size: 2M
 Heap Min Capacity: 8M
 Heap Initial Capacity: 252M
 Heap Max Capacity: 4006M
 Pre-touch: Disabled
 Parallel Workers: 13
 Concurrent Workers: 3
 Concurrent Refinement Workers: 13
 Periodic GC: Disabled

Heap:
 garbage-first heap   total 258048K, used 32768K [0x0000000705a00000, 0x0000000800000000)
  region size 2048K, 14 young (28672K), 2 survivors (4096K)
 Metaspace       used 9260K, committed 9536K, reserved 1114112K
  class space    used 1217K, committed 1344K, reserved 1048576K

Heap Regions: E=young(eden), S=young(survivor), O=old, HS=humongous(starts), HC=humongous(continues), CS=collection set, F=free, OA=open archive, CA=closed archive, TAMS=top-at-mark-start (previous, next)
|   0|0x0000000705a00000, 0x0000000705c00000, 0x0000000705c00000|100%|HS|  |TAMS 0x0000000705a00000, 0x0000000705a00000| Complete 
|   1|0x0000000705c00000, 0x0000000705e00000, 0x0000000705e00000|100%|HC|  |TAMS 0x0000000705c00000, 0x0000000705c00000| Complete 
|   2|0x0000000705e00000, 0x0000000706000000, 0x0000000706000000|100%| O|  |TAMS 0x0000000705e00000, 0x0000000705e00000| Untracked 
|   3|0x0000000706000000, 0x0000000706000000, 0x0000000706200000|  0%| F|  |TAMS 0x0000000706000000, 0x0000000706000000| Untracked 
|   4|0x0000000706200000, 0x0000000706200000, 0x0000000706400000|  0%| F|  |TAMS 0x0000000706200000, 0x0000000706200000| Untracked 
|   5|0x0000000706400000, 0x0000000706400000, 0x0000000706600000|  0%| F|  |TAMS 0x0000000706400000, 0x0000000706400000| Untracked 
|   6|0x0000000706600000, 0x0000000706600000, 0x0000000706800000|  0%| F|  |TAMS 0x0000000706600000, 0x0000000706600000| Untracked 
|   7|0x0000000706800000, 0x0000000706800000, 0x0000000706a00000|  0%| F|  |TAMS 0x0000000706800000, 0x0000000706800000| Untracked 
|   8|0x0000000706a00000, 0x0000000706a00000, 0x0000000706c00000|  0%| F|  |TAMS 0x0000000706a00000, 0x0000000706a00000| Untracked 
|   9|0x0000000706c00000, 0x0000000706c00000, 0x0000000706e00000|  0%| F|  |TAMS 0x0000000706c00000, 0x0000000706c00000| Untracked 
|  10|0x0000000706e00000, 0x0000000706e00000, 0x0000000707000000|  0%| F|  |TAMS 0x0000000706e00000, 0x0000000706e00000| Untracked 
|  11|0x0000000707000000, 0x0000000707000000, 0x0000000707200000|  0%| F|  |TAMS 0x0000000707000000, 0x0000000707000000| Untracked 
|  12|0x0000000707200000, 0x0000000707200000, 0x0000000707400000|  0%| F|  |TAMS 0x0000000707200000, 0x0000000707200000| Untracked 
|  13|0x0000000707400000, 0x0000000707400000, 0x0000000707600000|  0%| F|  |TAMS 0x0000000707400000, 0x0000000707400000| Untracked 
|  14|0x0000000707600000, 0x0000000707600000, 0x0000000707800000|  0%| F|  |TAMS 0x0000000707600000, 0x0000000707600000| Untracked 
|  15|0x0000000707800000, 0x0000000707800000, 0x0000000707a00000|  0%| F|  |TAMS 0x0000000707800000, 0x0000000707800000| Untracked 
|  16|0x0000000707a00000, 0x0000000707a00000, 0x0000000707c00000|  0%| F|  |TAMS 0x0000000707a00000, 0x0000000707a00000| Untracked 
|  17|0x0000000707c00000, 0x0000000707c00000, 0x0000000707e00000|  0%| F|  |TAMS 0x0000000707c00000, 0x0000000707c00000| Untracked 
|  18|0x0000000707e00000, 0x0000000707e00000, 0x0000000708000000|  0%| F|  |TAMS 0x0000000707e00000, 0x0000000707e00000| Untracked 
|  19|0x0000000708000000, 0x0000000708000000, 0x0000000708200000|  0%| F|  |TAMS 0x0000000708000000, 0x0000000708000000| Untracked 
|  20|0x0000000708200000, 0x0000000708200000, 0x0000000708400000|  0%| F|  |TAMS 0x0000000708200000, 0x0000000708200000| Untracked 
|  21|0x0000000708400000, 0x0000000708400000, 0x0000000708600000|  0%| F|  |TAMS 0x0000000708400000, 0x0000000708400000| Untracked 
|  22|0x0000000708600000, 0x0000000708600000, 0x0000000708800000|  0%| F|  |TAMS 0x0000000708600000, 0x0000000708600000| Untracked 
|  23|0x0000000708800000, 0x0000000708800000, 0x0000000708a00000|  0%| F|  |TAMS 0x0000000708800000, 0x0000000708800000| Untracked 
|  24|0x0000000708a00000, 0x0000000708a00000, 0x0000000708c00000|  0%| F|  |TAMS 0x0000000708a00000, 0x0000000708a00000| Untracked 
|  25|0x0000000708c00000, 0x0000000708c00000, 0x0000000708e00000|  0%| F|  |TAMS 0x0000000708c00000, 0x0000000708c00000| Untracked 
|  26|0x0000000708e00000, 0x0000000708e00000, 0x0000000709000000|  0%| F|  |TAMS 0x0000000708e00000, 0x0000000708e00000| Untracked 
|  27|0x0000000709000000, 0x0000000709000000, 0x0000000709200000|  0%| F|  |TAMS 0x0000000709000000, 0x0000000709000000| Untracked 
|  28|0x0000000709200000, 0x0000000709200000, 0x0000000709400000|  0%| F|  |TAMS 0x0000000709200000, 0x0000000709200000| Untracked 
|  29|0x0000000709400000, 0x0000000709400000, 0x0000000709600000|  0%| F|  |TAMS 0x0000000709400000, 0x0000000709400000| Untracked 
|  30|0x0000000709600000, 0x0000000709600000, 0x0000000709800000|  0%| F|  |TAMS 0x0000000709600000, 0x0000000709600000| Untracked 
|  31|0x0000000709800000, 0x0000000709800000, 0x0000000709a00000|  0%| F|  |TAMS 0x0000000709800000, 0x0000000709800000| Untracked 
|  32|0x0000000709a00000, 0x0000000709a00000, 0x0000000709c00000|  0%| F|  |TAMS 0x0000000709a00000, 0x0000000709a00000| Untracked 
|  33|0x0000000709c00000, 0x0000000709c00000, 0x0000000709e00000|  0%| F|  |TAMS 0x0000000709c00000, 0x0000000709c00000| Untracked 
|  34|0x0000000709e00000, 0x0000000709e00000, 0x000000070a000000|  0%| F|  |TAMS 0x0000000709e00000, 0x0000000709e00000| Untracked 
|  35|0x000000070a000000, 0x000000070a000000, 0x000000070a200000|  0%| F|  |TAMS 0x000000070a000000, 0x000000070a000000| Untracked 
|  36|0x000000070a200000, 0x000000070a200000, 0x000000070a400000|  0%| F|  |TAMS 0x000000070a200000, 0x000000070a200000| Untracked 
|  37|0x000000070a400000, 0x000000070a400000, 0x000000070a600000|  0%| F|  |TAMS 0x000000070a400000, 0x000000070a400000| Untracked 
|  38|0x000000070a600000, 0x000000070a600000, 0x000000070a800000|  0%| F|  |TAMS 0x000000070a600000, 0x000000070a600000| Untracked 
|  39|0x000000070a800000, 0x000000070a800000, 0x000000070aa00000|  0%| F|  |TAMS 0x000000070a800000, 0x000000070a800000| Untracked 
|  40|0x000000070aa00000, 0x000000070aa00000, 0x000000070ac00000|  0%| F|  |TAMS 0x000000070aa00000, 0x000000070aa00000| Untracked 
|  41|0x000000070ac00000, 0x000000070ac00000, 0x000000070ae00000|  0%| F|  |TAMS 0x000000070ac00000, 0x000000070ac00000| Untracked 
|  42|0x000000070ae00000, 0x000000070ae00000, 0x000000070b000000|  0%| F|  |TAMS 0x000000070ae00000, 0x000000070ae00000| Untracked 
|  43|0x000000070b000000, 0x000000070b000000, 0x000000070b200000|  0%| F|  |TAMS 0x000000070b000000, 0x000000070b000000| Untracked 
|  44|0x000000070b200000, 0x000000070b200000, 0x000000070b400000|  0%| F|  |TAMS 0x000000070b200000, 0x000000070b200000| Untracked 
|  45|0x000000070b400000, 0x000000070b400000, 0x000000070b600000|  0%| F|  |TAMS 0x000000070b400000, 0x000000070b400000| Untracked 
|  46|0x000000070b600000, 0x000000070b600000, 0x000000070b800000|  0%| F|  |TAMS 0x000000070b600000, 0x000000070b600000| Untracked 
|  47|0x000000070b800000, 0x000000070b800000, 0x000000070ba00000|  0%| F|  |TAMS 0x000000070b800000, 0x000000070b800000| Untracked 
|  48|0x000000070ba00000, 0x000000070ba00000, 0x000000070bc00000|  0%| F|  |TAMS 0x000000070ba00000, 0x000000070ba00000| Untracked 
|  49|0x000000070bc00000, 0x000000070bc00000, 0x000000070be00000|  0%| F|  |TAMS 0x000000070bc00000, 0x000000070bc00000| Untracked 
|  50|0x000000070be00000, 0x000000070be00000, 0x000000070c000000|  0%| F|  |TAMS 0x000000070be00000, 0x000000070be00000| Untracked 
|  51|0x000000070c000000, 0x000000070c000000, 0x000000070c200000|  0%| F|  |TAMS 0x000000070c000000, 0x000000070c000000| Untracked 
|  52|0x000000070c200000, 0x000000070c200000, 0x000000070c400000|  0%| F|  |TAMS 0x000000070c200000, 0x000000070c200000| Untracked 
|  53|0x000000070c400000, 0x000000070c400000, 0x000000070c600000|  0%| F|  |TAMS 0x000000070c400000, 0x000000070c400000| Untracked 
|  54|0x000000070c600000, 0x000000070c600000, 0x000000070c800000|  0%| F|  |TAMS 0x000000070c600000, 0x000000070c600000| Untracked 
|  55|0x000000070c800000, 0x000000070c800000, 0x000000070ca00000|  0%| F|  |TAMS 0x000000070c800000, 0x000000070c800000| Untracked 
|  56|0x000000070ca00000, 0x000000070ca00000, 0x000000070cc00000|  0%| F|  |TAMS 0x000000070ca00000, 0x000000070ca00000| Untracked 
|  57|0x000000070cc00000, 0x000000070cc00000, 0x000000070ce00000|  0%| F|  |TAMS 0x000000070cc00000, 0x000000070cc00000| Untracked 
|  58|0x000000070ce00000, 0x000000070ce00000, 0x000000070d000000|  0%| F|  |TAMS 0x000000070ce00000, 0x000000070ce00000| Untracked 
|  59|0x000000070d000000, 0x000000070d000000, 0x000000070d200000|  0%| F|  |TAMS 0x000000070d000000, 0x000000070d000000| Untracked 
|  60|0x000000070d200000, 0x000000070d200000, 0x000000070d400000|  0%| F|  |TAMS 0x000000070d200000, 0x000000070d200000| Untracked 
|  61|0x000000070d400000, 0x000000070d400000, 0x000000070d600000|  0%| F|  |TAMS 0x000000070d400000, 0x000000070d400000| Untracked 
|  62|0x000000070d600000, 0x000000070d600000, 0x000000070d800000|  0%| F|  |TAMS 0x000000070d600000, 0x000000070d600000| Untracked 
|  63|0x000000070d800000, 0x000000070d800000, 0x000000070da00000|  0%| F|  |TAMS 0x000000070d800000, 0x000000070d800000| Untracked 
|  64|0x000000070da00000, 0x000000070da00000, 0x000000070dc00000|  0%| F|  |TAMS 0x000000070da00000, 0x000000070da00000| Untracked 
|  65|0x000000070dc00000, 0x000000070dc00000, 0x000000070de00000|  0%| F|  |TAMS 0x000000070dc00000, 0x000000070dc00000| Untracked 
|  66|0x000000070de00000, 0x000000070de00000, 0x000000070e000000|  0%| F|  |TAMS 0x000000070de00000, 0x000000070de00000| Untracked 
|  67|0x000000070e000000, 0x000000070e000000, 0x000000070e200000|  0%| F|  |TAMS 0x000000070e000000, 0x000000070e000000| Untracked 
|  68|0x000000070e200000, 0x000000070e200000, 0x000000070e400000|  0%| F|  |TAMS 0x000000070e200000, 0x000000070e200000| Untracked 
|  69|0x000000070e400000, 0x000000070e400000, 0x000000070e600000|  0%| F|  |TAMS 0x000000070e400000, 0x000000070e400000| Untracked 
|  70|0x000000070e600000, 0x000000070e600000, 0x000000070e800000|  0%| F|  |TAMS 0x000000070e600000, 0x000000070e600000| Untracked 
|  71|0x000000070e800000, 0x000000070e800000, 0x000000070ea00000|  0%| F|  |TAMS 0x000000070e800000, 0x000000070e800000| Untracked 
|  72|0x000000070ea00000, 0x000000070ea00000, 0x000000070ec00000|  0%| F|  |TAMS 0x000000070ea00000, 0x000000070ea00000| Untracked 
|  73|0x000000070ec00000, 0x000000070ec00000, 0x000000070ee00000|  0%| F|  |TAMS 0x000000070ec00000, 0x000000070ec00000| Untracked 
|  74|0x000000070ee00000, 0x000000070ee00000, 0x000000070f000000|  0%| F|  |TAMS 0x000000070ee00000, 0x000000070ee00000| Untracked 
|  75|0x000000070f000000, 0x000000070f000000, 0x000000070f200000|  0%| F|  |TAMS 0x000000070f000000, 0x000000070f000000| Untracked 
|  76|0x000000070f200000, 0x000000070f200000, 0x000000070f400000|  0%| F|  |TAMS 0x000000070f200000, 0x000000070f200000| Untracked 
|  77|0x000000070f400000, 0x000000070f400000, 0x000000070f600000|  0%| F|  |TAMS 0x000000070f400000, 0x000000070f400000| Untracked 
|  78|0x000000070f600000, 0x000000070f600000, 0x000000070f800000|  0%| F|  |TAMS 0x000000070f600000, 0x000000070f600000| Untracked 
|  79|0x000000070f800000, 0x000000070f800000, 0x000000070fa00000|  0%| F|  |TAMS 0x000000070f800000, 0x000000070f800000| Untracked 
|  80|0x000000070fa00000, 0x000000070fa00000, 0x000000070fc00000|  0%| F|  |TAMS 0x000000070fa00000, 0x000000070fa00000| Untracked 
|  81|0x000000070fc00000, 0x000000070fc00000, 0x000000070fe00000|  0%| F|  |TAMS 0x000000070fc00000, 0x000000070fc00000| Untracked 
|  82|0x000000070fe00000, 0x000000070fe00000, 0x0000000710000000|  0%| F|  |TAMS 0x000000070fe00000, 0x000000070fe00000| Untracked 
|  83|0x0000000710000000, 0x0000000710000000, 0x0000000710200000|  0%| F|  |TAMS 0x0000000710000000, 0x0000000710000000| Untracked 
|  84|0x0000000710200000, 0x0000000710200000, 0x0000000710400000|  0%| F|  |TAMS 0x0000000710200000, 0x0000000710200000| Untracked 
|  85|0x0000000710400000, 0x0000000710400000, 0x0000000710600000|  0%| F|  |TAMS 0x0000000710400000, 0x0000000710400000| Untracked 
|  86|0x0000000710600000, 0x0000000710600000, 0x0000000710800000|  0%| F|  |TAMS 0x0000000710600000, 0x0000000710600000| Untracked 
|  87|0x0000000710800000, 0x0000000710800000, 0x0000000710a00000|  0%| F|  |TAMS 0x0000000710800000, 0x0000000710800000| Untracked 
|  88|0x0000000710a00000, 0x0000000710a00000, 0x0000000710c00000|  0%| F|  |TAMS 0x0000000710a00000, 0x0000000710a00000| Untracked 
|  89|0x0000000710c00000, 0x0000000710c00000, 0x0000000710e00000|  0%| F|  |TAMS 0x0000000710c00000, 0x0000000710c00000| Untracked 
|  90|0x0000000710e00000, 0x0000000710e00000, 0x0000000711000000|  0%| F|  |TAMS 0x0000000710e00000, 0x0000000710e00000| Untracked 
|  91|0x0000000711000000, 0x0000000711000000, 0x0000000711200000|  0%| F|  |TAMS 0x0000000711000000, 0x0000000711000000| Untracked 
|  92|0x0000000711200000, 0x0000000711200000, 0x0000000711400000|  0%| F|  |TAMS 0x0000000711200000, 0x0000000711200000| Untracked 
|  93|0x0000000711400000, 0x0000000711400000, 0x0000000711600000|  0%| F|  |TAMS 0x0000000711400000, 0x0000000711400000| Untracked 
|  94|0x0000000711600000, 0x0000000711600000, 0x0000000711800000|  0%| F|  |TAMS 0x0000000711600000, 0x0000000711600000| Untracked 
|  95|0x0000000711800000, 0x0000000711800000, 0x0000000711a00000|  0%| F|  |TAMS 0x0000000711800000, 0x0000000711800000| Untracked 
|  96|0x0000000711a00000, 0x0000000711a00000, 0x0000000711c00000|  0%| F|  |TAMS 0x0000000711a00000, 0x0000000711a00000| Untracked 
|  97|0x0000000711c00000, 0x0000000711c00000, 0x0000000711e00000|  0%| F|  |TAMS 0x0000000711c00000, 0x0000000711c00000| Untracked 
|  98|0x0000000711e00000, 0x0000000711e00000, 0x0000000712000000|  0%| F|  |TAMS 0x0000000711e00000, 0x0000000711e00000| Untracked 
|  99|0x0000000712000000, 0x0000000712000000, 0x0000000712200000|  0%| F|  |TAMS 0x0000000712000000, 0x0000000712000000| Untracked 
| 100|0x0000000712200000, 0x0000000712200000, 0x0000000712400000|  0%| F|  |TAMS 0x0000000712200000, 0x0000000712200000| Untracked 
| 101|0x0000000712400000, 0x0000000712400000, 0x0000000712600000|  0%| F|  |TAMS 0x0000000712400000, 0x0000000712400000| Untracked 
| 102|0x0000000712600000, 0x0000000712600000, 0x0000000712800000|  0%| F|  |TAMS 0x0000000712600000, 0x0000000712600000| Untracked 
| 103|0x0000000712800000, 0x0000000712800000, 0x0000000712a00000|  0%| F|  |TAMS 0x0000000712800000, 0x0000000712800000| Untracked 
| 104|0x0000000712a00000, 0x0000000712a00000, 0x0000000712c00000|  0%| F|  |TAMS 0x0000000712a00000, 0x0000000712a00000| Untracked 
| 105|0x0000000712c00000, 0x0000000712c00000, 0x0000000712e00000|  0%| F|  |TAMS 0x0000000712c00000, 0x0000000712c00000| Untracked 
| 106|0x0000000712e00000, 0x0000000712e00000, 0x0000000713000000|  0%| F|  |TAMS 0x0000000712e00000, 0x0000000712e00000| Untracked 
| 107|0x0000000713000000, 0x0000000713000000, 0x0000000713200000|  0%| F|  |TAMS 0x0000000713000000, 0x0000000713000000| Untracked 
| 108|0x0000000713200000, 0x0000000713200000, 0x0000000713400000|  0%| F|  |TAMS 0x0000000713200000, 0x0000000713200000| Untracked 
| 109|0x0000000713400000, 0x0000000713400000, 0x0000000713600000|  0%| F|  |TAMS 0x0000000713400000, 0x0000000713400000| Untracked 
| 110|0x0000000713600000, 0x0000000713600000, 0x0000000713800000|  0%| F|  |TAMS 0x0000000713600000, 0x0000000713600000| Untracked 
| 111|0x0000000713800000, 0x0000000713800000, 0x0000000713a00000|  0%| F|  |TAMS 0x0000000713800000, 0x0000000713800000| Untracked 
| 112|0x0000000713a00000, 0x0000000713a7b6c0, 0x0000000713c00000| 24%| E|  |TAMS 0x0000000713a00000, 0x0000000713a00000| Complete 
| 113|0x0000000713c00000, 0x0000000713e00000, 0x0000000713e00000|100%| S|CS|TAMS 0x0000000713c00000, 0x0000000713c00000| Complete 
| 114|0x0000000713e00000, 0x0000000714000000, 0x0000000714000000|100%| S|CS|TAMS 0x0000000713e00000, 0x0000000713e00000| Complete 
| 115|0x0000000714000000, 0x0000000714200000, 0x0000000714200000|100%| E|CS|TAMS 0x0000000714000000, 0x0000000714000000| Complete 
| 116|0x0000000714200000, 0x0000000714400000, 0x0000000714400000|100%| E|CS|TAMS 0x0000000714200000, 0x0000000714200000| Complete 
| 117|0x0000000714400000, 0x0000000714600000, 0x0000000714600000|100%| E|CS|TAMS 0x0000000714400000, 0x0000000714400000| Complete 
| 118|0x0000000714600000, 0x0000000714800000, 0x0000000714800000|100%| E|CS|TAMS 0x0000000714600000, 0x0000000714600000| Complete 
| 119|0x0000000714800000, 0x0000000714a00000, 0x0000000714a00000|100%| E|CS|TAMS 0x0000000714800000, 0x0000000714800000| Complete 
| 120|0x0000000714a00000, 0x0000000714c00000, 0x0000000714c00000|100%| E|CS|TAMS 0x0000000714a00000, 0x0000000714a00000| Complete 
| 121|0x0000000714c00000, 0x0000000714e00000, 0x0000000714e00000|100%| E|CS|TAMS 0x0000000714c00000, 0x0000000714c00000| Complete 
| 122|0x0000000714e00000, 0x0000000715000000, 0x0000000715000000|100%| E|CS|TAMS 0x0000000714e00000, 0x0000000714e00000| Complete 
| 123|0x0000000715000000, 0x0000000715200000, 0x0000000715200000|100%| E|CS|TAMS 0x0000000715000000, 0x0000000715000000| Complete 
| 124|0x0000000715200000, 0x0000000715400000, 0x0000000715400000|100%| E|CS|TAMS 0x0000000715200000, 0x0000000715200000| Complete 
| 125|0x0000000715400000, 0x0000000715600000, 0x0000000715600000|100%| E|CS|TAMS 0x0000000715400000, 0x0000000715400000| Complete 

Card table byte_map: [0x000001c069c80000,0x000001c06a460000] _byte_map_base: 0x000001c066453000

Marking Bits (Prev, Next): (CMBitMap*) 0x000001c0520ca610, (CMBitMap*) 0x000001c0520ca650
 Prev Bits: [0x000001c06ac40000, 0x000001c06ead8000)
 Next Bits: [0x000001c06eae0000, 0x000001c072978000)

Polling page: 0x000001c04ff90000

Metaspace:

Usage:
  Non-class:      7.85 MB used.
      Class:      1.19 MB used.
       Both:      9.04 MB used.

Virtual space:
  Non-class space:       64.00 MB reserved,       8.00 MB ( 12%) committed,  1 nodes.
      Class space:        1.00 GB reserved,       1.31 MB ( <1%) committed,  1 nodes.
             Both:        1.06 GB reserved,       9.31 MB ( <1%) committed. 

Chunk freelists:
   Non-Class:  8.04 MB
       Class:  14.56 MB
        Both:  22.60 MB

MaxMetaspaceSize: unlimited
CompressedClassSpaceSize: 1.00 GB
Initial GC threshold: 21.00 MB
Current GC threshold: 21.00 MB
CDS: on
MetaspaceReclaimPolicy: balanced
 - commit_granule_bytes: 65536.
 - commit_granule_words: 8192.
 - virtual_space_node_default_size: 8388608.
 - enlarge_chunks_in_place: 1.
 - new_chunks_are_fully_committed: 0.
 - uncommit_free_chunks: 1.
 - use_allocation_guard: 0.
 - handle_deallocations: 1.


Internal statistics:

num_allocs_failed_limit: 0.
num_arena_births: 88.
num_arena_deaths: 0.
num_vsnodes_births: 2.
num_vsnodes_deaths: 0.
num_space_committed: 149.
num_space_uncommitted: 0.
num_chunks_returned_to_freelist: 0.
num_chunks_taken_from_freelist: 317.
num_chunk_merges: 0.
num_chunk_splits: 213.
num_chunks_enlarged: 178.
num_inconsistent_stats: 0.

CodeHeap 'non-profiled nmethods': size=119168Kb used=569Kb max_used=569Kb free=118598Kb
 bounds [0x000001c0617c0000, 0x000001c061a30000, 0x000001c068c20000]
CodeHeap 'profiled nmethods': size=119104Kb used=3103Kb max_used=3103Kb free=116000Kb
 bounds [0x000001c059c20000, 0x000001c059f30000, 0x000001c061070000]
CodeHeap 'non-nmethods': size=7488Kb used=1192Kb max_used=1211Kb free=6295Kb
 bounds [0x000001c061070000, 0x000001c0612e0000, 0x000001c0617c0000]
 total_blobs=2045 nmethods=1565 adapters=393
 compilation: enabled
              stopped_count=0, restarted_count=0
 full_count=0

Compilation events (20 events):
Event: 2.333 Thread 0x000001c07570dd60 nmethod 1500 0x000001c06184b990 code [0x000001c06184bb20, 0x000001c06184be38]
Event: 2.333 Thread 0x000001c07570dd60 1495       4       java.lang.Character::digit (6 bytes)
Event: 2.334 Thread 0x000001c07570dd60 nmethod 1495 0x000001c06184c010 code [0x000001c06184c1a0, 0x000001c06184c2d8]
Event: 2.334 Thread 0x000001c07570dd60 1496       4       java.lang.CharacterDataLatin1::digit (32 bytes)
Event: 2.335 Thread 0x000001c07570dd60 nmethod 1496 0x000001c06184c490 code [0x000001c06184c620, 0x000001c06184c718]
Event: 2.335 Thread 0x000001c07570dd60 1499       4       java.lang.String::lastIndexOf (12 bytes)
Event: 2.337 Thread 0x000001c07570dd60 nmethod 1499 0x000001c06184c810 code [0x000001c06184c9a0, 0x000001c06184cbb8]
Event: 2.337 Thread 0x000001c07570dd60 1476       4       java.util.ArrayList::add (25 bytes)
Event: 2.338 Thread 0x000001c07570dd60 nmethod 1476 0x000001c06184cd10 code [0x000001c06184cea0, 0x000001c06184d0c8]
Event: 2.851 Thread 0x000001c07571bc50 1541       1       java.util.LinkedList::size (5 bytes)
Event: 2.851 Thread 0x000001c07570dd60 1544 % !   4       java.io.BufferedReader::readLine @ 139 (327 bytes)
Event: 2.851 Thread 0x000001c07571bc50 nmethod 1541 0x000001c06184d210 code [0x000001c06184d3a0, 0x000001c06184d478]
Event: 2.851 Thread 0x000001c07571bc50 1542       3       java.util.LinkedList::checkPositionIndex (22 bytes)
Event: 2.852 Thread 0x000001c07571bc50 nmethod 1542 0x000001c059f1ea90 code [0x000001c059f1ece0, 0x000001c059f1f448]
Event: 2.852 Thread 0x000001c07571bc50 1543       3       java.util.LinkedList::isPositionIndex (18 bytes)
Event: 2.852 Thread 0x000001c07571bc50 nmethod 1543 0x000001c059f1f790 code [0x000001c059f1f920, 0x000001c059f1fab8]
Event: 2.852 Thread 0x000001c07571bc50 1545       3       java.util.LinkedList::node (65 bytes)
Event: 2.852 Thread 0x000001c07571bc50 nmethod 1545 0x000001c059f1fb90 code [0x000001c059f1fd40, 0x000001c059f20038]
Event: 2.853 Thread 0x000001c07571bc50 1546       3       java.lang.invoke.MethodTypeForm::cachedLambdaForm (23 bytes)
Event: 2.853 Thread 0x000001c07571bc50 nmethod 1546 0x000001c059f20190 code [0x000001c059f20340, 0x000001c059f206a8]

GC Heap History (2 events):
Event: 0.453 GC heap before
{Heap before GC invocations=0 (full 0):
 garbage-first heap   total 258048K, used 24576K [0x0000000705a00000, 0x0000000800000000)
  region size 2048K, 11 young (22528K), 0 survivors (0K)
 Metaspace       used 3721K, committed 3840K, reserved 1114112K
  class space    used 462K, committed 512K, reserved 1048576K
}
Event: 0.457 GC heap after
{Heap after GC invocations=1 (full 0):
 garbage-first heap   total 258048K, used 10240K [0x0000000705a00000, 0x0000000800000000)
  region size 2048K, 2 young (4096K), 2 survivors (4096K)
 Metaspace       used 3721K, committed 3840K, reserved 1114112K
  class space    used 462K, committed 512K, reserved 1048576K
}

Dll operation events (12 events):
Event: 0.007 Loaded shared library C:\Program Files\Android\Android Studio\jbr\bin\java.dll
Event: 0.030 Loaded shared library C:\Program Files\Android\Android Studio\jbr\bin\jsvml.dll
Event: 0.068 Loaded shared library C:\Program Files\Android\Android Studio\jbr\bin\net.dll
Event: 0.072 Loaded shared library C:\Program Files\Android\Android Studio\jbr\bin\nio.dll
Event: 0.076 Loaded shared library C:\Program Files\Android\Android Studio\jbr\bin\zip.dll
Event: 0.087 Loaded shared library C:\Program Files\Android\Android Studio\jbr\bin\verify.dll
Event: 0.128 Loaded shared library C:\Program Files\Android\Android Studio\jbr\bin\jimage.dll
Event: 0.466 Loaded shared library C:\Users\hylmi\.gradle\native\c067742578af261105cb4f569cf0c3c89f3d7b1fecec35dd04571415982c5e48\windows-amd64\native-platform.dll
Event: 0.541 Loaded shared library C:\Program Files\Android\Android Studio\jbr\bin\management.dll
Event: 0.544 Loaded shared library C:\Program Files\Android\Android Studio\jbr\bin\management_ext.dll
Event: 0.880 Loaded shared library C:\Program Files\Android\Android Studio\jbr\bin\extnet.dll
Event: 2.289 Loaded shared library C:\Program Files\Android\Android Studio\jbr\bin\sunmscapi.dll

Deoptimization events (20 events):
Event: 1.015 Thread 0x000001c075b1ebe0 Uncommon trap: trap_request=0xffffff45 fr.pc=0x000001c0617fb37c relative=0x000000000000015c
Event: 1.015 Thread 0x000001c075b1ebe0 Uncommon trap: reason=unstable_if action=reinterpret pc=0x000001c0617fb37c method=java.lang.AbstractStringBuilder.putStringAt(ILjava/lang/String;II)V @ 8 c2
Event: 1.015 Thread 0x000001c075b1ebe0 DEOPT PACKING pc=0x000001c0617fb37c sp=0x00000001c45ff080
Event: 1.015 Thread 0x000001c075b1ebe0 DEOPT UNPACKING pc=0x000001c0610ca1a3 sp=0x00000001c45fefb0 mode 2
Event: 1.015 Thread 0x000001c075b1ebe0 Uncommon trap: trap_request=0xffffff45 fr.pc=0x000001c0617fb888 relative=0x0000000000000168
Event: 1.015 Thread 0x000001c075b1ebe0 Uncommon trap: reason=unstable_if action=reinterpret pc=0x000001c0617fb888 method=java.lang.AbstractStringBuilder.putStringAt(ILjava/lang/String;II)V @ 8 c2
Event: 1.015 Thread 0x000001c075b1ebe0 DEOPT PACKING pc=0x000001c0617fb888 sp=0x00000001c45fefe0
Event: 1.015 Thread 0x000001c075b1ebe0 DEOPT UNPACKING pc=0x000001c0610ca1a3 sp=0x00000001c45fefa8 mode 2
Event: 1.015 Thread 0x000001c075b1ebe0 Uncommon trap: trap_request=0xffffff45 fr.pc=0x000001c06181bbdc relative=0x000000000000005c
Event: 1.015 Thread 0x000001c075b1ebe0 Uncommon trap: reason=unstable_if action=reinterpret pc=0x000001c06181bbdc method=java.lang.AbstractStringBuilder.isLatin1()Z @ 10 c2
Event: 1.015 Thread 0x000001c075b1ebe0 DEOPT PACKING pc=0x000001c06181bbdc sp=0x00000001c45fef50
Event: 1.015 Thread 0x000001c075b1ebe0 DEOPT UNPACKING pc=0x000001c0610ca1a3 sp=0x00000001c45feee0 mode 2
Event: 1.015 Thread 0x000001c075b1ebe0 Uncommon trap: trap_request=0xffffff45 fr.pc=0x000001c0617fc32c relative=0x000000000000012c
Event: 1.015 Thread 0x000001c075b1ebe0 Uncommon trap: reason=unstable_if action=reinterpret pc=0x000001c0617fc32c method=java.lang.String.getBytes([BIIBI)V @ 6 c2
Event: 1.015 Thread 0x000001c075b1ebe0 DEOPT PACKING pc=0x000001c0617fc32c sp=0x00000001c45fef50
Event: 1.016 Thread 0x000001c075b1ebe0 DEOPT UNPACKING pc=0x000001c0610ca1a3 sp=0x00000001c45fef18 mode 2
Event: 1.016 Thread 0x000001c075b1ebe0 Uncommon trap: trap_request=0xffffff45 fr.pc=0x000001c0618285c0 relative=0x0000000000000420
Event: 1.016 Thread 0x000001c075b1ebe0 Uncommon trap: reason=unstable_if action=reinterpret pc=0x000001c0618285c0 method=java.lang.AbstractStringBuilder.isLatin1()Z @ 10 c2
Event: 1.016 Thread 0x000001c075b1ebe0 DEOPT PACKING pc=0x000001c0618285c0 sp=0x00000001c45ff130
Event: 1.016 Thread 0x000001c075b1ebe0 DEOPT UNPACKING pc=0x000001c0610ca1a3 sp=0x00000001c45ff0b0 mode 2

Classes unloaded (0 events):
No events

Classes redefined (0 events):
No events

Internal exceptions (20 events):
Event: 0.448 Thread 0x000001c05205f770 Exception <a 'java/lang/NoSuchMethodError'{0x00000007141e1188}: 'java.lang.Object java.lang.invoke.DirectMethodHandle$Holder.invokeStatic(java.lang.Object, java.lang.Object, int)'> (0x00000007141e1188) 
thrown [s\src\hotspot\share\interpreter\linkResolver.cpp, line 759]
Event: 0.449 Thread 0x000001c05205f770 Exception <a 'java/lang/NoSuchMethodError'{0x00000007141ece78}: 'void java.lang.invoke.DelegatingMethodHandle$Holder.delegate(java.lang.Object, java.lang.Object, int, java.lang.Object)'> (0x00000007141ece78) 
thrown [s\src\hotspot\share\interpreter\linkResolver.cpp, line 759]
Event: 0.450 Thread 0x000001c05205f770 Exception <a 'java/lang/NoSuchMethodError'{0x00000007141f0fc0}: 'int java.lang.invoke.DirectMethodHandle$Holder.invokeSpecial(java.lang.Object, java.lang.Object, java.lang.Object)'> (0x00000007141f0fc0) 
thrown [s\src\hotspot\share\interpreter\linkResolver.cpp, line 759]
Event: 0.458 Thread 0x000001c05205f770 Exception <a 'java/lang/NoSuchMethodError'{0x0000000715404688}: 'java.lang.Object java.lang.invoke.Invokers$Holder.invokeExact_MT(java.lang.Object, java.lang.Object, java.lang.Object, java.lang.Object)'> (0x0000000715404688) 
thrown [s\src\hotspot\share\interpreter\linkResolver.cpp, line 759]
Event: 0.512 Thread 0x000001c05205f770 Exception <a 'java/lang/NoSuchMethodError'{0x000000071509b0f0}: 'void java.lang.invoke.DirectMethodHandle$Holder.invokeSpecial(java.lang.Object, java.lang.Object, java.lang.Object)'> (0x000000071509b0f0) 
thrown [s\src\hotspot\share\interpreter\linkResolver.cpp, line 759]
Event: 0.519 Thread 0x000001c05205f770 Implicit null exception at 0x000001c061813d8f to 0x000001c0618141f0
Event: 0.519 Thread 0x000001c05205f770 Implicit null exception at 0x000001c061805b8f to 0x000001c061805fd4
Event: 0.540 Thread 0x000001c05205f770 Exception <a 'java/lang/NoSuchMethodError'{0x0000000714e3c200}: 'java.lang.Object java.lang.invoke.DirectMethodHandle$Holder.invokeStaticInit(java.lang.Object)'> (0x0000000714e3c200) 
thrown [s\src\hotspot\share\interpreter\linkResolver.cpp, line 759]
Event: 0.612 Thread 0x000001c05205f770 Exception <a 'java/lang/NoSuchMethodError'{0x0000000714a3d9b8}: 'java.lang.Object java.lang.invoke.DirectMethodHandle$Holder.invokeStaticInit(java.lang.Object, int, int, int, int)'> (0x0000000714a3d9b8) 
thrown [s\src\hotspot\share\interpreter\linkResolver.cpp, line 759]
Event: 0.672 Thread 0x000001c05205f770 Exception <a 'java/lang/NoSuchMethodError'{0x0000000714b18ee0}: 'java.lang.Object java.lang.invoke.DirectMethodHandle$Holder.invokeStaticInit(java.lang.Object, java.lang.Object, int, int, int, int)'> (0x0000000714b18ee0) 
thrown [s\src\hotspot\share\interpreter\linkResolver.cpp, line 759]
Event: 0.882 Thread 0x000001c05205f770 Exception <a 'java/lang/NoSuchMethodError'{0x0000000714b4a098}: 'void java.lang.invoke.DirectMethodHandle$Holder.invokeStatic(java.lang.Object, java.lang.Object, java.lang.Object)'> (0x0000000714b4a098) 
thrown [s\src\hotspot\share\interpreter\linkResolver.cpp, line 759]
Event: 0.894 Thread 0x000001c05205f770 Implicit null exception at 0x000001c0617f98f2 to 0x000001c0617f9f40
Event: 0.894 Thread 0x000001c05205f770 Implicit null exception at 0x000001c0617fa5f2 to 0x000001c0617fac5c
Event: 1.001 Thread 0x000001c075b1ebe0 Exception <a 'java/lang/NoSuchMethodError'{0x0000000714387ae8}: 'void java.lang.invoke.DirectMethodHandle$Holder.invokeStatic(java.lang.Object, long)'> (0x0000000714387ae8) 
thrown [s\src\hotspot\share\interpreter\linkResolver.cpp, line 759]
Event: 1.002 Thread 0x000001c075b1ebe0 Exception <a 'java/lang/NoSuchMethodError'{0x000000071438d198}: 'java.lang.Object java.lang.invoke.DirectMethodHandle$Holder.newInvokeSpecial(java.lang.Object, long)'> (0x000000071438d198) 
thrown [s\src\hotspot\share\interpreter\linkResolver.cpp, line 759]
Event: 1.004 Thread 0x000001c075b1ebe0 Exception <a 'java/lang/NoSuchMethodError'{0x0000000714397d40}: 'java.lang.Object java.lang.invoke.DirectMethodHandle$Holder.invokeStaticInit(java.lang.Object, java.lang.Object, long, java.lang.Object)'> (0x0000000714397d40) 
thrown [s\src\hotspot\share\interpreter\linkResolver.cpp, line 759]
Event: 1.004 Thread 0x000001c075b1ebe0 Exception <a 'java/lang/NoSuchMethodError'{0x000000071439e3c8}: 'java.lang.Object java.lang.invoke.DirectMethodHandle$Holder.newInvokeSpecial(java.lang.Object, java.lang.Object, long)'> (0x000000071439e3c8) 
thrown [s\src\hotspot\share\interpreter\linkResolver.cpp, line 759]
Event: 1.004 Thread 0x000001c075b1ebe0 Exception <a 'java/lang/NoSuchMethodError'{0x00000007143a26b8}: 'java.lang.Object java.lang.invoke.Invokers$Holder.linkToTargetMethod(java.lang.Object, long, java.lang.Object)'> (0x00000007143a26b8) 
thrown [s\src\hotspot\share\interpreter\linkResolver.cpp, line 759]
Event: 2.849 Thread 0x000001c05205f770 Exception <a 'sun/net/ConnectionResetException'{0x00000007141ce848}: Connection reset> (0x00000007141ce848) 
thrown [s\src\hotspot\share\prims\jni.cpp, line 535]
Event: 2.853 Thread 0x000001c05205f770 Exception <a 'java/lang/NoSuchMethodError'{0x0000000713a28338}: 'int java.lang.invoke.DirectMethodHandle$Holder.invokeVirtual(java.lang.Object, java.lang.Object)'> (0x0000000713a28338) 
thrown [s\src\hotspot\share\interpreter\linkResolver.cpp, line 759]

VM Operations (20 events):
Event: 0.083 Executing VM operation: HandshakeAllThreads
Event: 0.084 Executing VM operation: HandshakeAllThreads done
Event: 0.448 Executing VM operation: HandshakeAllThreads
Event: 0.448 Executing VM operation: HandshakeAllThreads done
Event: 0.451 Executing VM operation: G1CollectForAllocation
Event: 0.457 Executing VM operation: G1CollectForAllocation done
Event: 0.589 Executing VM operation: HandshakeAllThreads
Event: 0.589 Executing VM operation: HandshakeAllThreads done
Event: 0.666 Executing VM operation: HandshakeAllThreads
Event: 0.666 Executing VM operation: HandshakeAllThreads done
Event: 0.901 Executing VM operation: HandshakeAllThreads
Event: 0.901 Executing VM operation: HandshakeAllThreads done
Event: 1.006 Executing VM operation: HandshakeAllThreads
Event: 1.006 Executing VM operation: HandshakeAllThreads done
Event: 1.014 Executing VM operation: HandshakeAllThreads
Event: 1.014 Executing VM operation: HandshakeAllThreads done
Event: 2.020 Executing VM operation: Cleanup
Event: 2.020 Executing VM operation: Cleanup done
Event: 2.295 Executing VM operation: HandshakeAllThreads
Event: 2.295 Executing VM operation: HandshakeAllThreads done

Events (20 events):
Event: 2.310 loading class java/nio/channels/Pipe$SinkChannel done
Event: 2.310 loading class sun/nio/ch/SinkChannelImpl done
Event: 2.311 loading class sun/nio/ch/SelectionKeyImpl
Event: 2.311 loading class java/nio/channels/spi/AbstractSelectionKey
Event: 2.311 loading class java/nio/channels/SelectionKey
Event: 2.311 loading class java/nio/channels/SelectionKey done
Event: 2.311 loading class java/nio/channels/spi/AbstractSelectionKey done
Event: 2.311 loading class sun/nio/ch/SelectionKeyImpl done
Event: 2.311 loading class java/lang/invoke/ConstantBootstraps
Event: 2.311 loading class java/lang/invoke/ConstantBootstraps done
Event: 2.315 loading class java/nio/channels/spi/AbstractSelector$1
Event: 2.315 loading class java/nio/channels/spi/AbstractSelector$1 done
Event: 2.335 Thread 0x000001c075b1f0f0 Thread added: 0x000001c075b1f0f0
Event: 2.336 loading class java/nio/channels/AsynchronousCloseException
Event: 2.336 loading class java/nio/channels/ClosedChannelException
Event: 2.336 loading class java/nio/channels/ClosedChannelException done
Event: 2.336 loading class java/nio/channels/AsynchronousCloseException done
Event: 2.336 Thread 0x000001c075b20f50 Thread added: 0x000001c075b20f50
Event: 2.848 loading class sun/net/ConnectionResetException
Event: 2.849 loading class sun/net/ConnectionResetException done


Dynamic libraries:
0x00007ff7dd2f0000 - 0x00007ff7dd2fe000 	C:\Program Files\Android\Android Studio\jbr\bin\java.exe
0x00007ff865110000 - 0x00007ff865327000 	C:\WINDOWS\SYSTEM32\ntdll.dll
0x00007ff864310000 - 0x00007ff8643d4000 	C:\WINDOWS\System32\KERNEL32.DLL
0x00007ff862430000 - 0x00007ff8627d7000 	C:\WINDOWS\System32\KERNELBASE.dll
0x00007ff862aa0000 - 0x00007ff862bb1000 	C:\WINDOWS\System32\ucrtbase.dll
0x00007ff840e90000 - 0x00007ff840eab000 	C:\Program Files\Android\Android Studio\jbr\bin\VCRUNTIME140.dll
0x00007ff82e720000 - 0x00007ff82e739000 	C:\Program Files\Android\Android Studio\jbr\bin\jli.dll
0x00007ff8637f0000 - 0x00007ff86399e000 	C:\WINDOWS\System32\USER32.dll
0x00007ff848930000 - 0x00007ff848bc3000 	C:\WINDOWS\WinSxS\amd64_microsoft.windows.common-controls_6595b64144ccf1df_6.0.22621.3527_none_270e469b73872a76\COMCTL32.dll
0x00007ff862810000 - 0x00007ff862836000 	C:\WINDOWS\System32\win32u.dll
0x00007ff863730000 - 0x00007ff8637d7000 	C:\WINDOWS\System32\msvcrt.dll
0x00007ff863a10000 - 0x00007ff863a39000 	C:\WINDOWS\System32\GDI32.dll
0x00007ff862980000 - 0x00007ff862a99000 	C:\WINDOWS\System32\gdi32full.dll
0x00007ff862d30000 - 0x00007ff862dca000 	C:\WINDOWS\System32\msvcp_win.dll
0x00007ff864c40000 - 0x00007ff864c71000 	C:\WINDOWS\System32\IMM32.DLL
0x00007ff85eec0000 - 0x00007ff85eecc000 	C:\Program Files\Android\Android Studio\jbr\bin\vcruntime140_1.dll
0x00007fffef440000 - 0x00007fffef4cd000 	C:\Program Files\Android\Android Studio\jbr\bin\msvcp140.dll
0x00007fff7cac0000 - 0x00007fff7d729000 	C:\Program Files\Android\Android Studio\jbr\bin\server\jvm.dll
0x00007ff863e80000 - 0x00007ff863f32000 	C:\WINDOWS\System32\ADVAPI32.dll
0x00007ff865020000 - 0x00007ff8650c8000 	C:\WINDOWS\System32\sechost.dll
0x00007ff8627e0000 - 0x00007ff862808000 	C:\WINDOWS\System32\bcrypt.dll
0x00007ff864da0000 - 0x00007ff864eb5000 	C:\WINDOWS\System32\RPCRT4.dll
0x00007ff832df0000 - 0x00007ff832df9000 	C:\WINDOWS\SYSTEM32\WSOCK32.dll
0x00007ff85b8c0000 - 0x00007ff85b8f4000 	C:\WINDOWS\SYSTEM32\WINMM.dll
0x00007ff861290000 - 0x00007ff8612dd000 	C:\WINDOWS\SYSTEM32\POWRPROF.dll
0x00007ff85b370000 - 0x00007ff85b37a000 	C:\WINDOWS\SYSTEM32\VERSION.dll
0x00007ff864fa0000 - 0x00007ff865011000 	C:\WINDOWS\System32\WS2_32.dll
0x00007ff861250000 - 0x00007ff861263000 	C:\WINDOWS\SYSTEM32\UMPDC.dll
0x00007ff861460000 - 0x00007ff861478000 	C:\WINDOWS\SYSTEM32\kernel.appcore.dll
0x00007ff85ee00000 - 0x00007ff85ee0a000 	C:\Program Files\Android\Android Studio\jbr\bin\jimage.dll
0x00007ff85fc70000 - 0x00007ff85fea2000 	C:\WINDOWS\SYSTEM32\DBGHELP.DLL
0x00007ff8632c0000 - 0x00007ff863648000 	C:\WINDOWS\System32\combase.dll
0x00007ff864ec0000 - 0x00007ff864f97000 	C:\WINDOWS\System32\OLEAUT32.dll
0x00007ff82b800000 - 0x00007ff82b832000 	C:\WINDOWS\SYSTEM32\dbgcore.DLL
0x00007ff862840000 - 0x00007ff8628b9000 	C:\WINDOWS\System32\bcryptPrimitives.dll
0x00007ff823580000 - 0x00007ff8235a5000 	C:\Program Files\Android\Android Studio\jbr\bin\java.dll
0x00007fffed1a0000 - 0x00007fffed277000 	C:\Program Files\Android\Android Studio\jbr\bin\jsvml.dll
0x00007ff8643e0000 - 0x00007ff864c3c000 	C:\WINDOWS\System32\SHELL32.dll
0x00007ff860330000 - 0x00007ff860c26000 	C:\WINDOWS\SYSTEM32\windows.storage.dll
0x00007ff8601f0000 - 0x00007ff86032e000 	C:\WINDOWS\SYSTEM32\wintypes.dll
0x00007ff864ca0000 - 0x00007ff864d95000 	C:\WINDOWS\System32\SHCORE.dll
0x00007ff864180000 - 0x00007ff8641de000 	C:\WINDOWS\System32\shlwapi.dll
0x00007ff862360000 - 0x00007ff862381000 	C:\WINDOWS\SYSTEM32\profapi.dll
0x00007ff82e700000 - 0x00007ff82e719000 	C:\Program Files\Android\Android Studio\jbr\bin\net.dll
0x00007ff85bdc0000 - 0x00007ff85bef6000 	C:\WINDOWS\SYSTEM32\WINHTTP.dll
0x00007ff861960000 - 0x00007ff8619c9000 	C:\WINDOWS\system32\mswsock.dll
0x00007ff82e660000 - 0x00007ff82e676000 	C:\Program Files\Android\Android Studio\jbr\bin\nio.dll
0x00007ff823560000 - 0x00007ff823578000 	C:\Program Files\Android\Android Studio\jbr\bin\zip.dll
0x00007ff85cc70000 - 0x00007ff85cc80000 	C:\Program Files\Android\Android Studio\jbr\bin\verify.dll
0x00007ff829db0000 - 0x00007ff829dd7000 	C:\Users\hylmi\.gradle\native\c067742578af261105cb4f569cf0c3c89f3d7b1fecec35dd04571415982c5e48\windows-amd64\native-platform.dll
0x00007ff85ad90000 - 0x00007ff85ad99000 	C:\Program Files\Android\Android Studio\jbr\bin\management.dll
0x00007ff823ce0000 - 0x00007ff823ceb000 	C:\Program Files\Android\Android Studio\jbr\bin\management_ext.dll
0x00007ff8637e0000 - 0x00007ff8637e8000 	C:\WINDOWS\System32\PSAPI.DLL
0x00007ff861c00000 - 0x00007ff861c1b000 	C:\WINDOWS\SYSTEM32\CRYPTSP.dll
0x00007ff861480000 - 0x00007ff8614b5000 	C:\WINDOWS\system32\rsaenh.dll
0x00007ff861a00000 - 0x00007ff861a28000 	C:\WINDOWS\SYSTEM32\USERENV.dll
0x00007ff861b60000 - 0x00007ff861b6c000 	C:\WINDOWS\SYSTEM32\CRYPTBASE.dll
0x00007ff860f00000 - 0x00007ff860f2d000 	C:\WINDOWS\SYSTEM32\IPHLPAPI.DLL
0x00007ff863c00000 - 0x00007ff863c09000 	C:\WINDOWS\System32\NSI.dll
0x00007ff85bc70000 - 0x00007ff85bc89000 	C:\WINDOWS\SYSTEM32\dhcpcsvc6.DLL
0x00007ff85bc50000 - 0x00007ff85bc6f000 	C:\WINDOWS\SYSTEM32\dhcpcsvc.DLL
0x00007ff860f30000 - 0x00007ff861028000 	C:\WINDOWS\SYSTEM32\DNSAPI.dll
0x00007ff823b10000 - 0x00007ff823b19000 	C:\Program Files\Android\Android Studio\jbr\bin\extnet.dll
0x00007ff823ae0000 - 0x00007ff823aee000 	C:\Program Files\Android\Android Studio\jbr\bin\sunmscapi.dll
0x00007ff862bc0000 - 0x00007ff862d28000 	C:\WINDOWS\System32\CRYPT32.dll
0x00007ff861db0000 - 0x00007ff861dde000 	C:\WINDOWS\SYSTEM32\ncrypt.dll
0x00007ff861d70000 - 0x00007ff861da7000 	C:\WINDOWS\SYSTEM32\NTASN1.dll
0x00007fffd20d0000 - 0x00007fffd20d8000 	C:\WINDOWS\system32\wshunix.dll

dbghelp: loaded successfully - version: 4.0.5 - missing functions: none
symbol engine: initialized successfully - sym options: 0x614 - pdb path: .;C:\Program Files\Android\Android Studio\jbr\bin;C:\WINDOWS\SYSTEM32;C:\WINDOWS\WinSxS\amd64_microsoft.windows.common-controls_6595b64144ccf1df_6.0.22621.3527_none_270e469b73872a76;C:\Program Files\Android\Android Studio\jbr\bin\server;C:\Users\hylmi\.gradle\native\c067742578af261105cb4f569cf0c3c89f3d7b1fecec35dd04571415982c5e48\windows-amd64

VM Arguments:
jvm_args: -Dorg.gradle.appname=gradlew 
java_command: org.gradle.wrapper.GradleWrapperMain -q -Ptarget-platform=android-x64 -Ptarget=C:\Users\hylmi\Downloads\Line\fiveguysotp\fiveguysotp\lib\main.dart -Pbase-application-name=android.app.Application -Pdart-defines=RkxVVFRFUl9XRUJfQ0FOVkFTS0lUX1VSTD1odHRwczovL3d3dy5nc3RhdGljLmNvbS9mbHV0dGVyLWNhbnZhc2tpdC81NWVhZTY4NjRiMjk2ZGQ5ZjQzYjJjYzc1NzdlYzI1NmU1YzMyYThkLw== -Pdart-obfuscation=false -Ptrack-widget-creation=true -Ptree-shake-icons=false -Pfilesystem-scheme=org-dartlang-root assembleDebug
java_class_path (initial): C:\Users\hylmi\Downloads\Line\fiveguysotp\fiveguysotp\android\\gradle\wrapper\gradle-wrapper.jar
Launcher Type: SUN_STANDARD

[Global flags]
     intx CICompilerCount                          = 12                                        {product} {ergonomic}
     uint ConcGCThreads                            = 3                                         {product} {ergonomic}
     uint G1ConcRefinementThreads                  = 13                                        {product} {ergonomic}
   size_t G1HeapRegionSize                         = 2097152                                   {product} {ergonomic}
    uintx GCDrainStackTargetSize                   = 64                                        {product} {ergonomic}
   size_t InitialHeapSize                          = 264241152                                 {product} {ergonomic}
   size_t MarkStackSize                            = 4194304                                   {product} {ergonomic}
   size_t MaxHeapSize                              = 4200595456                                {product} {ergonomic}
   size_t MaxNewSize                               = 2518679552                                {product} {ergonomic}
   size_t MinHeapDeltaBytes                        = 2097152                                   {product} {ergonomic}
   size_t MinHeapSize                              = 8388608                                   {product} {ergonomic}
    uintx NonNMethodCodeHeapSize                   = 7602480                                {pd product} {ergonomic}
    uintx NonProfiledCodeHeapSize                  = 122027880                              {pd product} {ergonomic}
    uintx ProfiledCodeHeapSize                     = 122027880                              {pd product} {ergonomic}
    uintx ReservedCodeCacheSize                    = 251658240                              {pd product} {ergonomic}
     bool SegmentedCodeCache                       = true                                      {product} {ergonomic}
   size_t SoftMaxHeapSize                          = 4200595456                             {manageable} {ergonomic}
     bool UseCompressedClassPointers               = true                           {product lp64_product} {ergonomic}
     bool UseCompressedOops                        = true                           {product lp64_product} {ergonomic}
     bool UseG1GC                                  = true                                      {product} {ergonomic}
     bool UseLargePagesIndividualAllocation        = false                                  {pd product} {ergonomic}

Logging:
Log output configuration:
 #0: stdout all=warning uptime,level,tags
 #1: stderr all=off uptime,level,tags

Environment Variables:
JAVA_HOME=C:\Program Files\Android\Android Studio\jbr
CLASSPATH=C:\Users\hylmi\Downloads\Line\fiveguysotp\fiveguysotp\android\\gradle\wrapper\gradle-wrapper.jar
PATH=C:\Program Files\Android\Android Studio\jbr\bin;C:\Program Files\PowerShell\7;C:\flutter\bin\;C:\Program Files\Zulu\zulu-17\bin\;C:\Program Files\Zulu\zulu-17-jre\bin\;C:\Program Files\Common Files\Oracle\Java\javapath;C:\Python312\Scripts\;C:\Python312\;C:\windows\system32;C:\windows;C:\windows\System32\Wbem;C:\windows\System32\WindowsPowerShell\v1.0\;C:\windows\System32\OpenSSH\;C:\Program Files\Zulu\zulu-17\bin;C:\Program Files (x86)\NVIDIA Corporation\PhysX\Common;C:\WINDOWS\system32;C:\WINDOWS;C:\WINDOWS\System32\Wbem;C:\WINDOWS\System32\WindowsPowerShell\v1.0\;C:\WINDOWS\System32\OpenSSH\;C:\Program Files\Microsoft VS Code\bin;C:\Program Files (x86)\dotnet\;C:\Program Files\dotnet\;C:\Program Files\Git\cmd;C:\Program Files (x86)\Intel\Platform Flash Tool Modem;C:\xampp\php;C:\ProgramData\ComposerSetup\bin;C:\ProgramData\chocolatey\bin;C:\tools\php82;C:\Program Files\PuTTY\;C:\Program Files\NVIDIA Corporation\NVIDIA NvDLISR;C:\Program Files\Docker\Docker\resources\bin;C:\Program Files\Cloudflare\Cloudflare WARP\;C:\Program Files\PowerShell\7\;C:\Program Files\nodejs\;C:\Program Files\Zulu\zulu-17\bin;C:\Users\hylmi\AppData\Local\Programs\Python\Python311\Scripts\;C:\Users\hylmi\AppData\Local\Programs\Python\Python311\;C:\Users\hylmi\AppData\Local\Microsoft\WindowsApps;C:\MinGW\bin;C:\MinGW;C:\MinGW\msys\1.0;C:\Users\hylmi\latex2e;C:\Users\hylmi\AppData\Local\Pandoc\;C:\Users\hylmi\AppData\Local\Programs\MiKTeX\miktex\bin\x64\;C:\Users\hylmi\AppData\Roaming\Composer\vendor\bin;C:\Users\hylmi\AppData\Local\Microsoft\WinGet\Packages\Schniz.fnm_Microsoft.Winget.Source_8wekyb3d8bbwe;C:\Users\hylmi\AppData\Roaming\npm;C:\Users\hylmi\AppData\Local\Pub\Cache\bin;C:\Gradle\gradle-8.8-all\gradle-8.8\bin;C:\flutter\flutter\bin;C:\flutter\bin;C:\Program Files\Zulu\zulu-17\bin;
USERNAME=Hylmi
LANG=en_US.UTF-8
OS=Windows_NT
PROCESSOR_IDENTIFIER=Intel64 Family 6 Model 141 Stepping 1, GenuineIntel
TMP=C:\Users\hylmi\AppData\Local\Temp
TEMP=C:\Users\hylmi\AppData\Local\Temp



Periodic native trim disabled


---------------  S Y S T E M  ---------------

OS:
 Windows 11 , 64 bit Build 22621 (10.0.22621.3527)
OS uptime: 6 days 4:05 hours
Hyper-V role detected

CPU: total 16 (initial active 16) (8 cores per cpu, 2 threads per core) family 6 model 141 stepping 1 microcode 0x40, cx8, cmov, fxsr, ht, mmx, 3dnowpref, sse, sse2, sse3, ssse3, sse4.1, sse4.2, popcnt, lzcnt, tsc, tscinvbit, avx, avx2, aes, erms, clmul, bmi1, bmi2, adx, avx512f, avx512dq, avx512cd, avx512bw, avx512vl, sha, fma, vzeroupper, avx512_vpopcntdq, avx512_vpclmulqdq, avx512_vaes, avx512_vnni, clflush, clflushopt, clwb, avx512_vbmi2, avx512_vbmi, hv
Processor Information for all 16 processors :
  Max Mhz: 2304, Current Mhz: 2304, Mhz Limit: 2304

Memory: 4k page, system-wide physical 16021M (211M free)
TotalPageFile size 32405M (AvailPageFile size 387M)
current process WorkingSet (physical memory assigned to process): 96M, peak: 97M
current process commit charge ("private bytes"): 374M, peak: 376M

vm_info: OpenJDK 64-Bit Server VM (17.0.11+9-LTS) for windows-amd64 JRE (17.0.11+9-LTS) (Zulu17.50+19-CA), built on Apr  9 2024 07:23:02 by "zulu_re" with MS VC++ 16.10 / 16.11 (VS2019)

END.
